<beans xmlns="http://www.springframework.org/schema/beans"
       xmlns:xsi="http://www.w3.org/2001/XMLSchema-instance"
       xmlns:context="http://www.springframework.org/schema/context"
       xmlns:mvc="http://www.springframework.org/schema/mvc" xmlns:tx="http://www.springframework.org/schema/tx"
       xmlns:jee="http://www.springframework.org/schema/jee" xmlns:aop="http://www.springframework.org/schema/aop"
       xsi:schemaLocation="http://www.springframework.org/schema/beans
        http://www.springframework.org/schema/beans/spring-beans.xsd
        http://www.springframework.org/schema/context http://www.springframework.org/schema/context/spring-context.xsd http://www.springframework.org/schema/mvc http://www.springframework.org/schema/mvc/spring-mvc.xsd http://www.springframework.org/schema/tx http://www.springframework.org/schema/tx/spring-tx.xsd http://www.springframework.org/schema/jee http://www.springframework.org/schema/jee/spring-jee.xsd http://www.springframework.org/schema/aop http://www.springframework.org/schema/aop/spring-aop.xsd">

    <context:annotation-config/>
    <mvc:annotation-driven/>


    <bean id="testDataSourceDB2" class="org.springframework.jdbc.datasource.DriverManagerDataSource">
        <property name="driverClassName" value="com.ibm.db2.jcc.DB2Driver"/>
        <property name="url" value="jdbc:db2://10.1.108.12:50000/DVD:retrieveMessagesFromServerOnGetMessage=true;"/>
        <property name="username" value="ded"/>
        <property name="password" value="qwerty"/>
    </bean>
    <!--<aop:aspectj-autoproxy expose-proxy="true"/>-->


    <bean id="transactionManager" class="org.springframework.jdbc.datasource.DataSourceTransactionManager">
        <property name="dataSource" ref="testDataSourceDB2"/>
    </bean>

    <tx:annotation-driven proxy-target-class="true" transaction-manager="transactionManager"/>

    <context:component-scan base-package="com.myhandler"/>

    <bean class="org.springframework.web.servlet.view.InternalResourceViewResolver">
        <property name="prefix" value="/WEB-INF/pages/"/>
        <property name="suffix" value=".jsp"/>
    </bean>

    <bean id="jacksonMessageConverter"
          class="org.springframework.http.converter.json.MappingJacksonHttpMessageConverter"/>

</beans>